TN:
SF:D:\data\git_projects\krdl-ui-coverage\app\js\app.js
FN:6,(anonymous_1)
FNF:1
FNH:1
FNDA:1,(anonymous_1)
DA:1,1
DA:7,1
LF:2
LH:2
BRF:0
BRH:0
end_of_record
TN:
SF:D:\data\git_projects\krdl-ui-coverage\app\js\services.js
FN:2,(anonymous_1)
FN:6,(anonymous_2)
FN:13,(anonymous_3)
FN:20,(anonymous_4)
FNF:4
FNH:2
FNDA:1,(anonymous_1)
FNDA:1,(anonymous_2)
FNDA:0,(anonymous_3)
FNDA:0,(anonymous_4)
DA:1,1
DA:4,1
DA:6,1
DA:7,1
DA:13,1
DA:14,0
DA:20,1
DA:21,0
DA:27,1
LF:9
LH:7
BRF:0
BRH:0
end_of_record
TN:
SF:D:\data\git_projects\krdl-ui-coverage\app\js\controllers.js
FN:4,(anonymous_1)
FN:7,(anonymous_2)
FN:12,(anonymous_3)
FN:19,(anonymous_4)
FN:24,(anonymous_5)
FN:28,(anonymous_6)
FNF:6
FNH:3
FNDA:1,(anonymous_1)
FNDA:46,(anonymous_2)
FNDA:1,(anonymous_3)
FNDA:0,(anonymous_4)
FNDA:0,(anonymous_5)
FNDA:0,(anonymous_6)
DA:1,1
DA:5,1
DA:6,1
DA:7,1
DA:8,46
DA:9,46
DA:12,1
DA:14,1
DA:20,0
DA:21,0
DA:22,0
DA:24,0
DA:25,0
DA:28,0
DA:29,0
LF:15
LH:8
BRDA:9,1,0,46
BRDA:9,1,1,0
BRDA:9,1,2,0
BRF:3
BRH:1
end_of_record
